<?xml version="1.0" encoding="UTF-8" standalone="no"?>
<testsuite errors="0" failures="3" name="io.cucumber.core.plugin.JUnitFormatter" skipped="0" tests="17" time="283.393">
<testcase classname="user must register to have an account in the website" name="user register with valid data" time="38.593">
<system-out><![CDATA[When user click the Register link...........................................passed
When user enter gender......................................................passed
And user enter firstname and lastname.......................................passed
And user enter date of birth................................................passed
And user enter email........................................................passed
And user enter company name.................................................passed
And user enter password and Reenter Password................................passed
Then user click register button.............................................passed
And user have a welcome message with color..................................passed
]]></system-out>
</testcase>
<testcase classname="login user can switch between currencies" name="user switch between currencies" time="14.519">
<system-out><![CDATA[When user click on the currency dropdown-list...............................passed
]]></system-out>
</testcase>
<testcase classname="user login could hover and choice multiple categories" name="user hover categories and choose one of them" time="16.292">
<system-out><![CDATA[When user hover category and select subcategory.............................passed
Then user get subCategory"Desktops"displayed as a title.....................passed
]]></system-out>
</testcase>
<testcase classname="user login search by name for to find a product" name="user using search input for find product" time="15.654">
<system-out><![CDATA[When user write product name 'Nikon D5500 DSLR' in search input.............passed
And user click the search button............................................passed
Then user find the product he looks for it 'Nikon D5500 DSLR'...............passed
]]></system-out>
</testcase>
<testcase classname="user login search by SKU for to find a product" name="user using search input for find product by SKU" time="19.872">
<system-out><![CDATA[When user write product name ' M8_HTC_5L' in search input...................passed
And user click the search button to find ele................................passed
Then user find the product he looks for it 'M8_HTC_5L'......................passed
]]></system-out>
</testcase>
<testcase classname="user can opens any follow us links" name="user opens face book link" time="14.552">
<system-out><![CDATA[When user open facebook link................................................passed
Then facebook page of nopCommerce is opened in new tab......................passed
]]></system-out>
</testcase>
<testcase classname="user can opens any follow us links" name="user opens twitter link" time="13.534">
<system-out><![CDATA[When user open twitter link.................................................passed
Then twitter page of nopCommerce is opened in new tab.......................passed
]]></system-out>
</testcase>
<testcase classname="user can opens any follow us links" name="user opens res  link" time="10.999">
<failure message="expected [https://demo.nopcommerce.com/new-online-store-is-open] but found [https://demo.nopcommerce.com/news/rss/1]" type="java.lang.AssertionError"><![CDATA[When user open res link.....................................................passed
Then New Store News Page is opened..........................................failed

StackTrace:
java.lang.AssertionError: expected [https://demo.nopcommerce.com/new-online-store-is-open] but found [https://demo.nopcommerce.com/news/rss/1]
	at org.testng.Assert.fail(Assert.java:110)
	at org.testng.Assert.failNotEquals(Assert.java:1413)
	at org.testng.Assert.assertEqualsImpl(Assert.java:149)
	at org.testng.Assert.assertEquals(Assert.java:131)
	at org.testng.Assert.assertEquals(Assert.java:655)
	at org.testng.Assert.assertEquals(Assert.java:665)
	at org.example.setpDefintions.D06_follow_Us_stepDef.rssAssertion(D06_follow_Us_stepDef.java:53)
	at ✽.New Store News Page is opened(file:///C:/Users/DELL/Desktop/E-commerceProject-shorouqibrahiem/src/main/resources/features/F06_followUs.feature:11)
]]></failure>
</testcase>
<testcase classname="user can opens any follow us links" name="user opens YouTube link" time="16.625">
<system-out><![CDATA[When user open YouTube link.................................................passed
Then youtube page of nopCommerce is opened in new tab.......................passed
]]></system-out>
</testcase>
<testcase classname="user login can add product to shopping card" name="logged user  click on the wishList element &quot;Build your own computer&quot;" time="17.102">
<system-out><![CDATA[When user click add First product"HTC One M8 Android L 5.0 Lollipop"........passed
Then user add item open page for the item and found details.................passed
]]></system-out>
</testcase>
<testcase classname="user login can add product to shopping card" name="logged user  click on the wishList element &quot;Apple MacBook Pro 13-inch&quot;" time="14.894">
<system-out><![CDATA[When user click add second product "Apple MacBook Pro 13-inch"..............passed
Then user add item open page for the item and found details"Apple MacBook Pro 13-inch"url page.passed
]]></system-out>
</testcase>
<testcase classname="user can change the slider and open in home page" name="user click first slider" time="10.957">
<failure message="expected [https://demo.nopcommerce.com/Iphone_s6] but found [https://demo.nopcommerce.com/]" type="java.lang.AssertionError"><![CDATA[When user Click the first_slider............................................passed
Then user open the product which it clickable...............................failed

StackTrace:
java.lang.AssertionError: expected [https://demo.nopcommerce.com/Iphone_s6] but found [https://demo.nopcommerce.com/]
	at org.testng.Assert.fail(Assert.java:110)
	at org.testng.Assert.failNotEquals(Assert.java:1413)
	at org.testng.Assert.assertEqualsImpl(Assert.java:149)
	at org.testng.Assert.assertEquals(Assert.java:131)
	at org.testng.Assert.assertEquals(Assert.java:655)
	at org.testng.Assert.assertEquals(Assert.java:665)
	at org.example.setpDefintions.D08_homeSliders_stepDef.assert_firstSlider(D08_homeSliders_stepDef.java:27)
	at ✽.user open the product which it clickable(file:///C:/Users/DELL/Desktop/E-commerceProject-shorouqibrahiem/src/main/resources/features/F08_homeSliders.feature:5)
]]></failure>
</testcase>
<testcase classname="user can change the slider and open in home page" name="user click second slider" time="14.357">
<failure message="expected [https://demo.nopcommerce.com/Nokia_Lumia_1020] but found [https://demo.nopcommerce.com/]" type="java.lang.AssertionError"><![CDATA[When user Click the second_slider...........................................passed
Then user open the product 2 which it clickable.............................failed

StackTrace:
java.lang.AssertionError: expected [https://demo.nopcommerce.com/Nokia_Lumia_1020] but found [https://demo.nopcommerce.com/]
	at org.testng.Assert.fail(Assert.java:110)
	at org.testng.Assert.failNotEquals(Assert.java:1413)
	at org.testng.Assert.assertEqualsImpl(Assert.java:149)
	at org.testng.Assert.assertEquals(Assert.java:131)
	at org.testng.Assert.assertEquals(Assert.java:655)
	at org.testng.Assert.assertEquals(Assert.java:665)
	at org.example.setpDefintions.D08_homeSliders_stepDef.assert_SecondSlider(D08_homeSliders_stepDef.java:40)
	at ✽.user open the product 2 which it clickable(file:///C:/Users/DELL/Desktop/E-commerceProject-shorouqibrahiem/src/main/resources/features/F08_homeSliders.feature:9)
]]></failure>
</testcase>
<testcase classname="guest user can add products to wishlist" name="success message is visible after add product to wishlist" time="13.602">
<system-out><![CDATA[When user add product to wishlist...........................................passed
Then wishlist notification success is visible...............................passed
]]></system-out>
</testcase>
<testcase classname="guest user can add products to wishlist" name="number of wishlist items in home page is increased" time="11.347">
<system-out><![CDATA[When user add product to wishlist...........................................passed
Then wishlist notification success is visible...............................passed
And user get the  number of wishlist items after adding product.............passed
Then number of wishlist items increased.....................................passed
]]></system-out>
</testcase>
<testcase classname="guest user can add products to wishlist" name="added products are displayed on wishlist page" time="19.271">
<system-out><![CDATA[When user add product to wishlist...........................................passed
Then wishlist notification success is visible...............................passed
And user get the  number of wishlist items after adding product.............passed
And user go to wishList page................................................passed
]]></system-out>
</testcase>
<testcase classname="user login in to the webSite" name="user login with valid Data" time="19.674">
<system-out><![CDATA[Given user go to login url..................................................passed
When user login with valid email and password...............................passed
Then user click on the login button.........................................passed
]]></system-out>
</testcase>
</testsuite>
